[debug] [2024-04-20T07:10:09.302Z] ----------------------------------------------------------------------
[debug] [2024-04-20T07:10:09.304Z] Command:       C:\Program Files\nodejs\node.exe C:\Users\Duong\AppData\Roaming\npm\node_modules\firebase-tools\lib\bin\firebase.js init
[debug] [2024-04-20T07:10:09.305Z] CLI Version:   13.7.3
[debug] [2024-04-20T07:10:09.305Z] Platform:      win32
[debug] [2024-04-20T07:10:09.305Z] Node Version:  v20.12.2
[debug] [2024-04-20T07:10:09.305Z] Time:          Sat Apr 20 2024 14:10:09 GMT+0700 (Indochina Time)
[debug] [2024-04-20T07:10:09.306Z] ----------------------------------------------------------------------
[debug] 
[debug] [2024-04-20T07:10:09.313Z] > command requires scopes: ["email","openid","https://www.googleapis.com/auth/cloudplatformprojects.readonly","https://www.googleapis.com/auth/firebase","https://www.googleapis.com/auth/cloud-platform"]
[debug] [2024-04-20T07:10:09.314Z] > authorizing via signed-in user (dcao50272@gmail.com)
[info] 
     ######## #### ########  ######## ########     ###     ######  ########
     ##        ##  ##     ## ##       ##     ##  ##   ##  ##       ##
     ######    ##  ########  ######   ########  #########  ######  ######
     ##        ##  ##    ##  ##       ##     ## ##     ##       ## ##
     ##       #### ##     ## ######## ########  ##     ##  ######  ########

You're about to initialize a Firebase project in this directory:

  C:\Users\Duong\OneDrive - Cong Ty Duog Cao\Docs\spkt\Third year\Semester2-2324\IoT Lab\iot_final

[debug] [2024-04-20T07:10:25.985Z] ----------------------------------------------------------------------
[debug] [2024-04-20T07:10:25.988Z] Command:       C:\Program Files\nodejs\node.exe C:\Users\Duong\AppData\Roaming\npm\node_modules\firebase-tools\lib\bin\firebase.js init
[debug] [2024-04-20T07:10:25.988Z] CLI Version:   13.7.3
[debug] [2024-04-20T07:10:25.989Z] Platform:      win32
[debug] [2024-04-20T07:10:25.989Z] Node Version:  v20.12.2
[debug] [2024-04-20T07:10:25.989Z] Time:          Sat Apr 20 2024 14:10:25 GMT+0700 (Indochina Time)
[debug] [2024-04-20T07:10:25.989Z] ----------------------------------------------------------------------
[debug] 
[debug] [2024-04-20T07:10:25.996Z] > command requires scopes: ["email","openid","https://www.googleapis.com/auth/cloudplatformprojects.readonly","https://www.googleapis.com/auth/firebase","https://www.googleapis.com/auth/cloud-platform"]
[debug] [2024-04-20T07:10:25.996Z] > authorizing via signed-in user (dcao50272@gmail.com)
[info] 
     ######## #### ########  ######## ########     ###     ######  ########
     ##        ##  ##     ## ##       ##     ##  ##   ##  ##       ##
     ######    ##  ########  ######   ########  #########  ######  ######
     ##        ##  ##    ##  ##       ##     ## ##     ##       ## ##
     ##       #### ##     ## ######## ########  ##     ##  ######  ########

You're about to initialize a Firebase project in this directory:

  C:\Users\Duong\OneDrive - Cong Ty Duog Cao\Docs\spkt\Third year\Semester2-2324\IoT Lab\iot_final

